<?xml version="1.0" encoding="UTF-8"?>
<!-- Generated by org.testng.reporters.JUnitReportReporter -->
<testsuite hostname="DESKTOP-B86JE8J" failures="0" tests="5" name="TestCases.RegistrationTest" time="107.462" errors="0" timestamp="2023-08-01T22:48:59 BDT" skipped="0">
  <testcase classname="TestCases.RegistrationTest" name="registration_feature_test" time="20.237"/>
  <testcase classname="TestCases.RegistrationTest" name="registration_feature_test" time="22.435"/>
  <testcase classname="TestCases.RegistrationTest" name="registration_feature_test" time="23.534"/>
  <testcase classname="TestCases.RegistrationTest" name="registration_feature_test" time="21.249"/>
  <testcase classname="TestCases.RegistrationTest" name="registration_feature_test" time="20.007"/>
</testsuite> <!-- TestCases.RegistrationTest -->
