<?xml version="1.0" encoding="UTF-8"?>
<!-- Generated by org.testng.reporters.JUnitReportReporter -->
<testsuite hostname="DESKTOP-B86JE8J" failures="0" tests="1" name="TestCases.PlaceOrderTest" time="84.121" errors="0" timestamp="2023-08-09T21:04:57 BDT" skipped="0">
  <testcase classname="TestCases.PlaceOrderTest" name="place_order_test" time="84.121"/>
</testsuite> <!-- TestCases.PlaceOrderTest -->
