<?xml version="1.0" encoding="UTF-8"?>
<!-- Generated by org.testng.reporters.JUnitReportReporter -->
<testsuite hostname="DESKTOP-B86JE8J" failures="0" tests="5" name="TestCases.RegistrationTest2" time="110.062" errors="0" timestamp="2023-08-09T21:04:57 BDT" skipped="0">
  <testcase classname="TestCases.RegistrationTest2" name="registration_feature_test" time="22.000"/>
  <testcase classname="TestCases.RegistrationTest2" name="registration_feature_test" time="23.624"/>
  <testcase classname="TestCases.RegistrationTest2" name="registration_feature_test" time="20.838"/>
  <testcase classname="TestCases.RegistrationTest2" name="registration_feature_test" time="22.753"/>
  <testcase classname="TestCases.RegistrationTest2" name="registration_feature_test" time="20.847"/>
</testsuite> <!-- TestCases.RegistrationTest2 -->
