<?xml version="1.0" encoding="UTF-8"?>
<!-- Generated by org.testng.reporters.JUnitReportReporter -->
<testsuite hostname="DESKTOP-B86JE8J" failures="0" tests="1" name="TestCases.PlaceOrderTest" time="77.546" errors="0" timestamp="2023-08-09T20:48:52 BDT" skipped="0">
  <testcase classname="TestCases.PlaceOrderTest" name="place_order_test" time="77.546"/>
</testsuite> <!-- TestCases.PlaceOrderTest -->
