<?xml version="1.0" encoding="UTF-8"?>
<!-- Generated by org.testng.reporters.JUnitReportReporter -->
<testsuite hostname="DESKTOP-B86JE8J" failures="0" tests="5" name="TestCases.RegistrationTest2" time="107.428" errors="0" timestamp="2023-08-09T20:48:52 BDT" skipped="0">
  <testcase classname="TestCases.RegistrationTest2" name="registration_feature_test" time="20.042"/>
  <testcase classname="TestCases.RegistrationTest2" name="registration_feature_test" time="21.337"/>
  <testcase classname="TestCases.RegistrationTest2" name="registration_feature_test" time="24.453"/>
  <testcase classname="TestCases.RegistrationTest2" name="registration_feature_test" time="19.977"/>
  <testcase classname="TestCases.RegistrationTest2" name="registration_feature_test" time="21.619"/>
</testsuite> <!-- TestCases.RegistrationTest2 -->
